;  LST file generated by mikroListExporter - v.2.0 
; Date/Time: 6/3/2024 10:50:30 AM
;----------------------------------------------

;Address Opcode 	ASM
0x0000	0x2842      	GOTO       66
_____DoICP:
;__Lib_System.c,6 :: 		
;__Lib_System.c,9 :: 		
0x0003	0x1283      	BCF        STATUS, 5
0x0004	0x1303      	BCF        STATUS, 6
0x0005	0x0821      	MOVF       ___DoICPAddr+1, 0
0x0006	0x008A      	MOVWF      PCLATH
;__Lib_System.c,10 :: 		
0x0007	0x0820      	MOVF       ___DoICPAddr, 0
0x0008	0x0082      	MOVWF      PCL
;__Lib_System.c,12 :: 		
L_end_____DoICP:
0x0009	0x0008      	RETURN
; end of _____DoICP
_Delay_22us:
;__Lib_Delays.c,15 :: 		void Delay_22us() {
;__Lib_Delays.c,16 :: 		Delay_us(22);
0x000A	0x300E      	MOVLW      14
0x000B	0x1283      	BCF        STATUS, 5
0x000C	0x1303      	BCF        STATUS, 6
0x000D	0x00FD      	MOVWF      R13
L_Delay_22us1:
0x000E	0x0BFD      	DECFSZ     R13, 1
0x000F	0x280E      	GOTO       L_Delay_22us1
0x0010	0x0000      	NOP
;__Lib_Delays.c,17 :: 		}
L_end_Delay_22us:
0x0011	0x0008      	RETURN
; end of _Delay_22us
_ADC_Read:
;__Lib_ADC_A_C.c,45 :: 		
;__Lib_ADC_A_C.c,47 :: 		
0x0012	0x1283      	BCF        STATUS, 5
0x0013	0x1303      	BCF        STATUS, 6
0x0014	0x019F      	CLRF       ADCON0
;__Lib_ADC_A_C.c,48 :: 		
0x0015	0x30C0      	MOVLW      192
0x0016	0x049F      	IORWF      ADCON0, 1
;__Lib_ADC_A_C.c,49 :: 		
0x0017	0x1683      	BSF        STATUS, 5
0x0018	0x171F      	BSF        ADCON1, 6
;__Lib_ADC_A_C.c,50 :: 		
0x0019	0x179F      	BSF        ADCON1, 7
;__Lib_ADC_A_C.c,51 :: 		
0x001A	0x1283      	BCF        STATUS, 5
0x001B	0x0824      	MOVF       FARG_ADC_Read_channel, 0
0x001C	0x00F0      	MOVWF      R0
0x001D	0x0DF0      	RLF        R0, 1
0x001E	0x1070      	BCF        R0, 0
0x001F	0x0DF0      	RLF        R0, 1
0x0020	0x1070      	BCF        R0, 0
0x0021	0x0DF0      	RLF        R0, 1
0x0022	0x1070      	BCF        R0, 0
0x0023	0x0870      	MOVF       R0, 0
0x0024	0x049F      	IORWF      ADCON0, 1
;__Lib_ADC_A_C.c,54 :: 		
0x0025	0x141F      	BSF        ADCON0, 0
;__Lib_ADC_A_C.c,57 :: 		
0x0026	0x200A      	CALL       _Delay_22us
;__Lib_ADC_A_C.c,60 :: 		
0x0027	0x151F      	BSF        ADCON0, 2
;__Lib_ADC_A_C.c,63 :: 		
L_ADC_Read2:
0x0028	0x1D1F      	BTFSS      ADCON0, 2
0x0029	0x282C      	GOTO       L_ADC_Read3
;__Lib_ADC_A_C.c,64 :: 		
0x002A	0x0000      	NOP
0x002B	0x2828      	GOTO       L_ADC_Read2
L_ADC_Read3:
;__Lib_ADC_A_C.c,67 :: 		
0x002C	0x101F      	BCF        ADCON0, 0
;__Lib_ADC_A_C.c,70 :: 		
0x002D	0x081E      	MOVF       ADRESH, 0
0x002E	0x00F1      	MOVWF      R0+1
0x002F	0x01F0      	CLRF       R0
0x0030	0x1683      	BSF        STATUS, 5
0x0031	0x081E      	MOVF       ADRESL, 0
0x0032	0x04F0      	IORWF      R0, 1
0x0033	0x3000      	MOVLW      0
0x0034	0x04F1      	IORWF      R0+1, 1
;__Lib_ADC_A_C.c,71 :: 		
L_end_ADC_Read:
0x0035	0x0008      	RETURN
; end of _ADC_Read
___CC2DW:
;__Lib_System.c,134 :: 		
;__Lib_System.c,137 :: 		
_CC2D_Loop1:
;__Lib_System.c,139 :: 		
0x0036	0x2003      	CALL       _____DoICP
0x0037	0x118A      	BCF        PCLATH, 3
0x0038	0x120A      	BCF        PCLATH, 4
;__Lib_System.c,141 :: 		
0x0039	0x0080      	MOVWF      INDF
;__Lib_System.c,142 :: 		
0x003A	0x0A84      	INCF       FSR, 1
;__Lib_System.c,143 :: 		
0x003B	0x0AA0      	INCF       ___DoICPAddr, 1
;__Lib_System.c,145 :: 		
0x003C	0x1903      	BTFSC      STATUS, 2
;__Lib_System.c,146 :: 		
0x003D	0x0AA1      	INCF       ___DoICPAddr+1, 1
;__Lib_System.c,147 :: 		
0x003E	0x03F0      	DECF       R0, 1
;__Lib_System.c,149 :: 		
0x003F	0x1D03      	BTFSS      STATUS, 2
;__Lib_System.c,150 :: 		
0x0040	0x2836      	GOTO       _CC2D_Loop1
;__Lib_System.c,152 :: 		
L_end___CC2DW:
0x0041	0x0008      	RETURN
; end of ___CC2DW
_main:
;ADC.c,2 :: 		void main()
;ADC.c,4 :: 		ADCON1 = 0x80;
0x0042	0x3080      	MOVLW      128
0x0043	0x1683      	BSF        STATUS, 5
0x0044	0x1303      	BCF        STATUS, 6
0x0045	0x009F      	MOVWF      ADCON1
;ADC.c,5 :: 		TRISA = 0xFF; // PORTA is input
0x0046	0x30FF      	MOVLW      255
0x0047	0x0085      	MOVWF      TRISA
;ADC.c,6 :: 		TRISC = 0x3F; // Pins RC7, RC6 are outputs
0x0048	0x303F      	MOVLW      63
0x0049	0x0087      	MOVWF      TRISC
;ADC.c,7 :: 		TRISB = 0;    // PORTB is output
0x004A	0x0186      	CLRF       TRISB
;ADC.c,8 :: 		do
L_main0:
;ADC.c,10 :: 		adc = ADC_Read(1); // Get 10-bit results of AD conversion
0x004B	0x3001      	MOVLW      1
0x004C	0x1283      	BCF        STATUS, 5
0x004D	0x00A4      	MOVWF      FARG_ADC_Read_channel
0x004E	0x2012      	CALL       _ADC_Read
0x004F	0x0870      	MOVF       R0, 0
0x0050	0x1283      	BCF        STATUS, 5
0x0051	0x00A2      	MOVWF      _adc
0x0052	0x0871      	MOVF       R0+1, 0
0x0053	0x00A3      	MOVWF      _adc+1
;ADC.c,12 :: 		PORTB = adc;      // Send lower 8 bits to PORTB
0x0054	0x0870      	MOVF       R0, 0
0x0055	0x0086      	MOVWF      PORTB
;ADC.c,13 :: 		PORTC = adc >> 2; // Send 2 most significant                  //bits to RC7, RC6
0x0056	0x0870      	MOVF       R0, 0
0x0057	0x00F2      	MOVWF      R2
0x0058	0x0871      	MOVF       R0+1, 0
0x0059	0x00F3      	MOVWF      R2+1
0x005A	0x0CF3      	RRF        R2+1, 1
0x005B	0x0CF2      	RRF        R2, 1
0x005C	0x13F3      	BCF        R2+1, 7
0x005D	0x0CF3      	RRF        R2+1, 1
0x005E	0x0CF2      	RRF        R2, 1
0x005F	0x13F3      	BCF        R2+1, 7
0x0060	0x0872      	MOVF       R2, 0
0x0061	0x0087      	MOVWF      PORTC
;ADC.c,14 :: 		} while(1);
0x0062	0x284B      	GOTO       L_main0
;ADC.c,15 :: 		}
L_end_main:
0x0063	0x2863      	GOTO       $+0
; end of _main
Symbol List:
//** Routines locations **
//ADDRESS    SIZE    PROCEDURE
//----------------------------------------------
0x0003       [7]    _____DoICP
0x000A       [8]    _Delay_22us
0x0012      [36]    _ADC_Read
0x0036      [12]    ___CC2DW
0x0042      [34]    _main
//** Variables locations ** 
//ADDRESS    SIZE    VARIABLE
//----------------------------------------------
0x0000       [1]    INDF
0x0002       [1]    PCL
0x0003       [1]    STATUS
0x0004       [1]    FSR
0x0006       [1]    PORTB
0x0007       [1]    PORTC
0x000A       [1]    PCLATH
0x001E       [1]    ADRESH
0x001F       [1]    ADCON0
0x0020       [2]    ___DoICPAddr
0x0022       [2]    _adc
0x0024       [1]    FARG_ADC_Read_channel
0x0070       [1]    R0
0x0071       [1]    R1
0x0072       [1]    R2
0x0073       [1]    R3
0x0074       [1]    R4
0x0075       [1]    R5
0x0076       [1]    R6
0x0077       [1]    R7
0x0078       [1]    R8
0x0079       [1]    R9
0x007A       [1]    R10
0x007B       [1]    R11
0x007C       [1]    R12
0x007D       [1]    R13
0x007E       [1]    R14
0x007F       [1]    R15
0x0085       [1]    TRISA
0x0086       [1]    TRISB
0x0087       [1]    TRISC
0x009E       [1]    ADRESL
0x009F       [1]    ADCON1
